[0.149s] Invoking command in '/home/chief-of-mischief/Desktop/ros2_ws/build/sjtu_drone_description': CMAKE_PREFIX_PATH=/opt/ros/humble /usr/bin/cmake /home/chief-of-mischief/Desktop/ros2_ws/src/sjtu_drone/sjtu_drone_description -DAMENT_CMAKE_SYMLINK_INSTALL=1 -DCMAKE_INSTALL_PREFIX=/home/chief-of-mischief/Desktop/ros2_ws/install/sjtu_drone_description
[0.177s] -- The C compiler identification is GNU 11.3.0
[0.206s] -- The CXX compiler identification is GNU 11.3.0
[0.210s] -- Detecting C compiler ABI info
[0.246s] -- Detecting C compiler ABI info - done
[0.250s] -- Check for working C compiler: /usr/bin/cc - skipped
[0.250s] -- Detecting C compile features
[0.251s] -- Detecting C compile features - done
[0.252s] -- Detecting CXX compiler ABI info
[0.293s] -- Detecting CXX compiler ABI info - done
[0.297s] -- Check for working CXX compiler: /usr/bin/c++ - skipped
[0.297s] -- Detecting CXX compile features
[0.297s] -- Detecting CXX compile features - done
[0.300s] -- Found PkgConfig: /usr/bin/pkg-config (found version "0.29.2") 
[0.300s] -- Checking for module 'OGRE'
[0.306s] --   Found OGRE, version 1.9.0
[0.320s] -- Checking for module 'OGRE-Terrain'
[0.326s] --   Found OGRE-Terrain, version 1.9.0
[0.339s] -- Found ament_cmake: 1.3.3 (/opt/ros/humble/share/ament_cmake/cmake)
[0.433s] -- Found Python3: /usr/bin/python3.10 (found version "3.10.6") found components: Interpreter 
[0.467s] -- Override CMake install command with custom implementation using symlinks instead of copying resources
[0.477s] -- Found ament_cmake_ros: 0.10.0 (/opt/ros/humble/share/ament_cmake_ros/cmake)
[0.480s] -- Found rclcpp: 16.0.2 (/opt/ros/humble/share/rclcpp/cmake)
[0.501s] -- Found rosidl_generator_c: 3.1.4 (/opt/ros/humble/share/rosidl_generator_c/cmake)
[0.504s] -- Found rosidl_adapter: 3.1.4 (/opt/ros/humble/share/rosidl_adapter/cmake)
[0.508s] -- Found rosidl_generator_cpp: 3.1.4 (/opt/ros/humble/share/rosidl_generator_cpp/cmake)
[0.515s] -- Using all available rosidl_typesupport_c: rosidl_typesupport_fastrtps_c;rosidl_typesupport_introspection_c
[0.526s] -- Using all available rosidl_typesupport_cpp: rosidl_typesupport_fastrtps_cpp;rosidl_typesupport_introspection_cpp
[0.563s] -- Found rmw_implementation_cmake: 6.1.1 (/opt/ros/humble/share/rmw_implementation_cmake/cmake)
[0.564s] -- Found rmw_fastrtps_cpp: 6.2.2 (/opt/ros/humble/share/rmw_fastrtps_cpp/cmake)
[0.612s] -- Found OpenSSL: /usr/lib/x86_64-linux-gnu/libcrypto.so (found version "3.0.2")  
[0.627s] -- Found FastRTPS: /opt/ros/humble/include  
[0.652s] -- Using RMW implementation 'rmw_fastrtps_cpp' as default
[0.656s] -- Looking for pthread.h
[0.696s] -- Looking for pthread.h - found
[0.696s] -- Performing Test CMAKE_HAVE_LIBC_PTHREAD
[0.760s] -- Performing Test CMAKE_HAVE_LIBC_PTHREAD - Success
[0.761s] -- Found Threads: TRUE  
[0.852s] -- Found gazebo_ros: 3.7.0 (/opt/ros/humble/share/gazebo_ros/cmake)
[0.859s] -- Checking for module 'bullet>=2.82'
[0.865s] --   Found bullet, version 3.05
[0.909s] -- Found fcl: /usr/include (found suitable version "0.7.0", minimum required is "0.5.0") 
[0.934s] -- Found assimp: /usr/include (found version "5.2.0") 
[0.949s] -- Found DART: /usr/include (Required is at least version "6.6") found components: dart 
[0.961s] -- Found Boost: /usr/lib/x86_64-linux-gnu/cmake/Boost-1.74.0/BoostConfig.cmake (found suitable version "1.74.0", minimum required is "1.40.0") found components: thread system filesystem program_options regex iostreams date_time 
[0.969s] -- Found Protobuf: /usr/lib/x86_64-linux-gnu/libprotobuf.so (found version "3.12.4") 
[0.971s] -- Looking for ignition-math6 -- found version 6.12.0
[0.974s] -- Searching for dependencies of ignition-math6
[0.975s] -- Looking for OGRE...
[0.975s] -- OGRE_PREFIX_WATCH changed.
[0.977s] -- Checking for module 'OGRE'
[0.983s] --   Found OGRE, version 1.9.0
[0.997s] -- Found Ogre Ghadamon (1.9.0)
[1.010s] -- Looking for OGRE_Paging...
[1.012s] -- Found OGRE_Paging: optimized;/usr/lib/x86_64-linux-gnu/libOgrePaging.so;debug;/usr/lib/x86_64-linux-gnu/libOgrePaging.so
[1.012s] -- Looking for OGRE_Terrain...
[1.014s] -- Found OGRE_Terrain: optimized;/usr/lib/x86_64-linux-gnu/libOgreTerrain.so;debug;/usr/lib/x86_64-linux-gnu/libOgreTerrain.so
[1.014s] -- Looking for OGRE_Property...
[1.017s] -- Found OGRE_Property: optimized;/usr/lib/x86_64-linux-gnu/libOgreProperty.so;debug;/usr/lib/x86_64-linux-gnu/libOgreProperty.so
[1.017s] -- Looking for OGRE_RTShaderSystem...
[1.019s] -- Found OGRE_RTShaderSystem: optimized;/usr/lib/x86_64-linux-gnu/libOgreRTShaderSystem.so;debug;/usr/lib/x86_64-linux-gnu/libOgreRTShaderSystem.so
[1.019s] -- Looking for OGRE_Volume...
[1.021s] -- Found OGRE_Volume: optimized;/usr/lib/x86_64-linux-gnu/libOgreVolume.so;debug;/usr/lib/x86_64-linux-gnu/libOgreVolume.so
[1.021s] -- Looking for OGRE_Overlay...
[1.024s] -- Found OGRE_Overlay: optimized;/usr/lib/x86_64-linux-gnu/libOgreOverlay.so;debug;/usr/lib/x86_64-linux-gnu/libOgreOverlay.so
[1.074s] -- Looking for ignition-math6 -- found version 6.12.0
[1.074s] -- Looking for ignition-transport8 -- found version 8.2.1
[1.075s] -- Searching for dependencies of ignition-transport8
[1.084s] -- Found Protobuf: /usr/lib/x86_64-linux-gnu/libprotobuf.so (found suitable version "3.12.4", minimum required is "3") 
[1.089s] -- Config-file not installed for ZeroMQ -- checking for pkg-config
[1.091s] -- Checking for module 'libzmq >= 4'
[1.097s] --   Found libzmq , version 4.3.4
[1.128s] -- Found ZeroMQ: TRUE (Required is at least version "4") 
[1.136s] -- Checking for module 'uuid'
[1.148s] --   Found uuid, version 2.37.2
[1.182s] -- Found UUID: TRUE  
[1.184s] -- Looking for ignition-msgs5 -- found version 5.8.1
[1.185s] -- Searching for dependencies of ignition-msgs5
[1.196s] -- Looking for ignition-math6 -- found version 6.12.0
[1.198s] -- Checking for module 'tinyxml2'
[1.205s] --   Found tinyxml2, version 9.0.0
[1.236s] -- Looking for ignition-msgs5 -- found version 5.8.1
[1.238s] -- Looking for ignition-common3 -- found version 3.14.0
[1.239s] -- Searching for dependencies of ignition-common3
[1.239s] -- Looking for dlfcn.h - found
[1.240s] -- Looking for libdl - found
[1.241s] -- Found DL: TRUE  
[1.247s] -- Found tinyobjloader: /usr/lib/x86_64-linux-gnu/cmake/tinyobjloader/tinyobjloader-config.cmake (found version "2.0.0") 
[1.247s] -- Searching for <ignition-common3> component [graphics]
[1.248s] -- Looking for ignition-common3-graphics -- found version 3.14.0
[1.248s] -- Searching for dependencies of ignition-common3-graphics
[1.249s] -- Looking for ignition-math6 -- found version 6.12.0
[1.250s] -- Looking for ignition-fuel_tools4 -- found version 4.4.0
[1.250s] -- Searching for dependencies of ignition-fuel_tools4
[1.289s] -- Found CURL: /usr/lib/x86_64-linux-gnu/libcurl.so (found version "7.81.0")  
[1.298s] -- Checking for module 'jsoncpp'
[1.308s] --   Found jsoncpp, version 1.9.5
[1.340s] -- Found JSONCPP: TRUE  
[1.346s] -- Checking for module 'libzip'
[1.359s] --   Found libzip, version 1.7.3
[1.394s] -- Found ZIP: TRUE  
[1.395s] -- Looking for ignition-common3 -- found version 3.14.0
[1.395s] -- Looking for ignition-math6 -- found version 6.12.0
[1.396s] -- Looking for ignition-msgs5 -- found version 5.8.1
[1.399s] -- Gazebo version: 11.10
[1.399s] -- Checking for module 'tbb'
[1.407s] --   Found tbb, version 2021.5.0
[1.443s] -- Found gazebo_plugins: 3.7.0 (/opt/ros/humble/share/gazebo_plugins/cmake)
[1.607s] -- Found sensor_msgs: 4.2.2 (/opt/ros/humble/share/sensor_msgs/cmake)
[1.712s] -- Found ament_lint_auto: 0.12.4 (/opt/ros/humble/share/ament_lint_auto/cmake)
[1.752s] -- Added test 'cppcheck' to perform static code analysis on C / C++ code
[1.753s] -- Configured cppcheck include dirs: /home/chief-of-mischief/Desktop/ros2_ws/src/sjtu_drone/sjtu_drone_description/include;$<BUILD_INTERFACE:/home/chief-of-mischief/Desktop/ros2_ws/src/sjtu_drone/sjtu_drone_description/include>
[1.753s] -- Configured cppcheck exclude dirs and/or files: 
[1.753s] -- Added test 'lint_cmake' to check CMake code style
[1.754s] -- Added test 'uncrustify' to check C / C++ code style
[1.754s] -- Configured uncrustify additional arguments: 
[1.754s] -- Added test 'xmllint' to check XML markup files
[1.755s] -- Configuring done
[1.770s] -- Generating done
[1.772s] -- Build files have been written to: /home/chief-of-mischief/Desktop/ros2_ws/build/sjtu_drone_description
[1.779s] Invoked command in '/home/chief-of-mischief/Desktop/ros2_ws/build/sjtu_drone_description' returned '0': CMAKE_PREFIX_PATH=/opt/ros/humble /usr/bin/cmake /home/chief-of-mischief/Desktop/ros2_ws/src/sjtu_drone/sjtu_drone_description -DAMENT_CMAKE_SYMLINK_INSTALL=1 -DCMAKE_INSTALL_PREFIX=/home/chief-of-mischief/Desktop/ros2_ws/install/sjtu_drone_description
[1.779s] Invoking command in '/home/chief-of-mischief/Desktop/ros2_ws/build/sjtu_drone_description': CMAKE_PREFIX_PATH=/opt/ros/humble /usr/bin/cmake --build /home/chief-of-mischief/Desktop/ros2_ws/build/sjtu_drone_description -- -j24 -l24
[1.804s] [ 66%] [32mBuilding CXX object CMakeFiles/plugin_drone.dir/src/pid_controller.cpp.o[0m
[1.804s] [ 66%] [32mBuilding CXX object CMakeFiles/plugin_drone.dir/src/plugin_drone.cpp.o[0m
[16.503s] [100%] [32m[1mLinking CXX shared library /home/chief-of-mischief/Desktop/ros2_ws/src/sjtu_drone/sjtu_drone_description/plugins/libplugin_drone.so[0m
[17.383s] [100%] Built target plugin_drone
[17.395s] Invoked command in '/home/chief-of-mischief/Desktop/ros2_ws/build/sjtu_drone_description' returned '0': CMAKE_PREFIX_PATH=/opt/ros/humble /usr/bin/cmake --build /home/chief-of-mischief/Desktop/ros2_ws/build/sjtu_drone_description -- -j24 -l24
[17.417s] Invoking command in '/home/chief-of-mischief/Desktop/ros2_ws/build/sjtu_drone_description': CMAKE_PREFIX_PATH=/opt/ros/humble /usr/bin/cmake --install /home/chief-of-mischief/Desktop/ros2_ws/build/sjtu_drone_description
[17.424s] -- Install configuration: ""
[17.425s] -- Execute custom install script
[17.426s] -- Symlinking: /home/chief-of-mischief/Desktop/ros2_ws/install/sjtu_drone_description/include/pid_controller.h
[17.434s] -- Symlinking: /home/chief-of-mischief/Desktop/ros2_ws/install/sjtu_drone_description/include/plugin_drone.h
[17.443s] -- Symlinking: /home/chief-of-mischief/Desktop/ros2_ws/install/sjtu_drone_description/share/sjtu_drone_description/environment/library_path.sh
[17.450s] -- Symlinking: /home/chief-of-mischief/Desktop/ros2_ws/install/sjtu_drone_description/share/sjtu_drone_description/environment/library_path.dsv
[17.456s] -- Symlinking: /home/chief-of-mischief/Desktop/ros2_ws/install/sjtu_drone_description/share/sjtu_drone_description/models/database.config
[17.460s] -- Symlinking: /home/chief-of-mischief/Desktop/ros2_ws/install/sjtu_drone_description/share/sjtu_drone_description/models/sjtu_drone/model.config
[17.464s] -- Symlinking: /home/chief-of-mischief/Desktop/ros2_ws/install/sjtu_drone_description/share/sjtu_drone_description/models/sjtu_drone/quadrotor_4.dae
[17.469s] -- Symlinking: /home/chief-of-mischief/Desktop/ros2_ws/install/sjtu_drone_description/share/sjtu_drone_description/models/sjtu_drone/quadrotor_4.stl
[17.472s] -- Symlinking: /home/chief-of-mischief/Desktop/ros2_ws/install/sjtu_drone_description/share/sjtu_drone_description/models/sjtu_drone/sjtu_drone.sdf
[17.476s] -- Symlinking: /home/chief-of-mischief/Desktop/ros2_ws/install/sjtu_drone_description/share/sjtu_drone_description/urdf/sjtu_drone.urdf
[17.480s] -- Symlinking: /home/chief-of-mischief/Desktop/ros2_ws/install/sjtu_drone_description/share/sjtu_drone_description/urdf/sjtu_drone.urdf.xacro
[17.486s] -- Symlinking: /home/chief-of-mischief/Desktop/ros2_ws/install/sjtu_drone_description/share/sjtu_drone_description/worlds/playground.world
[17.492s] -- Symlinking: /home/chief-of-mischief/Desktop/ros2_ws/install/sjtu_drone_description/share/ament_index/resource_index/package_run_dependencies/sjtu_drone_description
[17.498s] -- Symlinking: /home/chief-of-mischief/Desktop/ros2_ws/install/sjtu_drone_description/share/ament_index/resource_index/parent_prefix_path/sjtu_drone_description
[17.504s] -- Symlinking: /home/chief-of-mischief/Desktop/ros2_ws/install/sjtu_drone_description/share/sjtu_drone_description/environment/ament_prefix_path.sh
[17.510s] -- Symlinking: /home/chief-of-mischief/Desktop/ros2_ws/install/sjtu_drone_description/share/sjtu_drone_description/environment/ament_prefix_path.dsv
[17.515s] -- Symlinking: /home/chief-of-mischief/Desktop/ros2_ws/install/sjtu_drone_description/share/sjtu_drone_description/environment/path.sh
[17.521s] -- Symlinking: /home/chief-of-mischief/Desktop/ros2_ws/install/sjtu_drone_description/share/sjtu_drone_description/environment/path.dsv
[17.529s] -- Symlinking: /home/chief-of-mischief/Desktop/ros2_ws/install/sjtu_drone_description/share/sjtu_drone_description/local_setup.bash
[17.536s] -- Symlinking: /home/chief-of-mischief/Desktop/ros2_ws/install/sjtu_drone_description/share/sjtu_drone_description/local_setup.sh
[17.543s] -- Symlinking: /home/chief-of-mischief/Desktop/ros2_ws/install/sjtu_drone_description/share/sjtu_drone_description/local_setup.zsh
[17.550s] -- Symlinking: /home/chief-of-mischief/Desktop/ros2_ws/install/sjtu_drone_description/share/sjtu_drone_description/local_setup.dsv
[17.557s] -- Symlinking: /home/chief-of-mischief/Desktop/ros2_ws/install/sjtu_drone_description/share/sjtu_drone_description/package.dsv
[17.564s] -- Symlinking: /home/chief-of-mischief/Desktop/ros2_ws/install/sjtu_drone_description/share/ament_index/resource_index/packages/sjtu_drone_description
[17.572s] -- Symlinking: /home/chief-of-mischief/Desktop/ros2_ws/install/sjtu_drone_description/share/sjtu_drone_description/cmake/ament_cmake_export_include_directories-extras.cmake
[17.582s] -- Symlinking: /home/chief-of-mischief/Desktop/ros2_ws/install/sjtu_drone_description/share/sjtu_drone_description/cmake/ament_cmake_export_libraries-extras.cmake
[17.591s] -- Symlinking: /home/chief-of-mischief/Desktop/ros2_ws/install/sjtu_drone_description/share/sjtu_drone_description/cmake/ament_cmake_export_targets-extras.cmake
[17.599s] -- Symlinking: /home/chief-of-mischief/Desktop/ros2_ws/install/sjtu_drone_description/share/sjtu_drone_description/cmake/sjtu_drone_descriptionConfig.cmake
[17.608s] -- Symlinking: /home/chief-of-mischief/Desktop/ros2_ws/install/sjtu_drone_description/share/sjtu_drone_description/cmake/sjtu_drone_descriptionConfig-version.cmake
[17.615s] -- Symlinking: /home/chief-of-mischief/Desktop/ros2_ws/install/sjtu_drone_description/share/sjtu_drone_description/package.xml
[17.622s] -- Installing: /home/chief-of-mischief/Desktop/ros2_ws/install/sjtu_drone_description/lib/libplugin_drone.so
[17.640s] -- Set runtime path of "/home/chief-of-mischief/Desktop/ros2_ws/install/sjtu_drone_description/lib/libplugin_drone.so" to ""
[17.640s] -- Installing: /home/chief-of-mischief/Desktop/ros2_ws/install/sjtu_drone_description/share/sjtu_drone_description/cmake/export_sjtu_drone_descriptionExport.cmake
[17.640s] -- Installing: /home/chief-of-mischief/Desktop/ros2_ws/install/sjtu_drone_description/share/sjtu_drone_description/cmake/export_sjtu_drone_descriptionExport-noconfig.cmake
[17.646s] Invoked command in '/home/chief-of-mischief/Desktop/ros2_ws/build/sjtu_drone_description' returned '0': CMAKE_PREFIX_PATH=/opt/ros/humble /usr/bin/cmake --install /home/chief-of-mischief/Desktop/ros2_ws/build/sjtu_drone_description
