[1.194s] Invoking command in '/home/chief-of-mischief/Desktop/drone_ws/build/sjtu_drone_bringup': PYTHONPATH=/home/chief-of-mischief/Desktop/drone_ws/build/sjtu_drone_bringup/prefix_override:/home/chief-of-mischief/Desktop/drone_ws/install/sjtu_drone_bringup/lib/python3.10/site-packages:${PYTHONPATH} /usr/bin/python3 setup.py develop --editable --build-directory /home/chief-of-mischief/Desktop/drone_ws/build/sjtu_drone_bringup/build --no-deps install_data
[1.608s] running develop
[1.905s] running egg_info
[1.906s] writing sjtu_drone_bringup.egg-info/PKG-INFO
[1.906s] writing dependency_links to sjtu_drone_bringup.egg-info/dependency_links.txt
[1.906s] writing entry points to sjtu_drone_bringup.egg-info/entry_points.txt
[1.906s] writing requirements to sjtu_drone_bringup.egg-info/requires.txt
[1.906s] writing top-level names to sjtu_drone_bringup.egg-info/top_level.txt
[1.911s] reading manifest file 'sjtu_drone_bringup.egg-info/SOURCES.txt'
[1.917s] writing manifest file 'sjtu_drone_bringup.egg-info/SOURCES.txt'
[1.921s] running build_ext
[1.922s] Creating /home/chief-of-mischief/Desktop/drone_ws/install/sjtu_drone_bringup/lib/python3.10/site-packages/sjtu-drone-bringup.egg-link (link to .)
[1.922s] Installing rosgpt script to /home/chief-of-mischief/Desktop/drone_ws/install/sjtu_drone_bringup/lib/sjtu_drone_bringup
[1.923s] Installing rosgpt_client_node script to /home/chief-of-mischief/Desktop/drone_ws/install/sjtu_drone_bringup/lib/sjtu_drone_bringup
[1.923s] Installing rosgptparser_turtlesim script to /home/chief-of-mischief/Desktop/drone_ws/install/sjtu_drone_bringup/lib/sjtu_drone_bringup
[1.924s] Installing spawn_drone script to /home/chief-of-mischief/Desktop/drone_ws/install/sjtu_drone_bringup/lib/sjtu_drone_bringup
[1.925s] 
[1.925s] Installed /home/chief-of-mischief/Desktop/drone_ws/build/sjtu_drone_bringup
[1.926s] running install_data
[1.926s] error: can't copy 'scripts/rosgptparser_turtlesim.py': doesn't exist or not a regular file
[1.976s] Invoked command in '/home/chief-of-mischief/Desktop/drone_ws/build/sjtu_drone_bringup' returned '1': PYTHONPATH=/home/chief-of-mischief/Desktop/drone_ws/build/sjtu_drone_bringup/prefix_override:/home/chief-of-mischief/Desktop/drone_ws/install/sjtu_drone_bringup/lib/python3.10/site-packages:${PYTHONPATH} /usr/bin/python3 setup.py develop --editable --build-directory /home/chief-of-mischief/Desktop/drone_ws/build/sjtu_drone_bringup/build --no-deps install_data
