[0.170s] Invoking command in '/home/chief-of-mischief/Desktop/drone_ws/build/sjtu_drone_description': CMAKE_PREFIX_PATH=/opt/ros/humble /usr/bin/cmake /home/chief-of-mischief/Desktop/drone_ws/src/sjtu_drone/sjtu_drone_description -DAMENT_CMAKE_SYMLINK_INSTALL=1 -DCMAKE_INSTALL_PREFIX=/home/chief-of-mischief/Desktop/drone_ws/install/sjtu_drone_description
[0.231s] -- The C compiler identification is GNU 11.3.0
[0.279s] -- The CXX compiler identification is GNU 11.3.0
[0.285s] -- Detecting C compiler ABI info
[0.323s] -- Detecting C compiler ABI info - done
[0.327s] -- Check for working C compiler: /usr/bin/cc - skipped
[0.327s] -- Detecting C compile features
[0.328s] -- Detecting C compile features - done
[0.330s] -- Detecting CXX compiler ABI info
[0.373s] -- Detecting CXX compiler ABI info - done
[0.379s] -- Check for working CXX compiler: /usr/bin/c++ - skipped
[0.379s] -- Detecting CXX compile features
[0.379s] -- Detecting CXX compile features - done
[0.383s] -- Found PkgConfig: /usr/bin/pkg-config (found version "0.29.2") 
[0.384s] -- Checking for module 'OGRE'
[0.390s] --   Found OGRE, version 1.9.0
[0.409s] -- Checking for module 'OGRE-Terrain'
[0.416s] --   Found OGRE-Terrain, version 1.9.0
[0.432s] -- Found ament_cmake: 1.3.3 (/opt/ros/humble/share/ament_cmake/cmake)
[0.537s] -- Found Python3: /usr/bin/python3.10 (found version "3.10.6") found components: Interpreter 
[0.576s] -- Override CMake install command with custom implementation using symlinks instead of copying resources
[0.597s] -- Found ament_cmake_ros: 0.10.0 (/opt/ros/humble/share/ament_cmake_ros/cmake)
[0.604s] -- Found rclcpp: 16.0.2 (/opt/ros/humble/share/rclcpp/cmake)
[0.645s] -- Found rosidl_generator_c: 3.1.4 (/opt/ros/humble/share/rosidl_generator_c/cmake)
[0.649s] -- Found rosidl_adapter: 3.1.4 (/opt/ros/humble/share/rosidl_adapter/cmake)
[0.656s] -- Found rosidl_generator_cpp: 3.1.4 (/opt/ros/humble/share/rosidl_generator_cpp/cmake)
[0.669s] -- Using all available rosidl_typesupport_c: rosidl_typesupport_fastrtps_c;rosidl_typesupport_introspection_c
[0.683s] -- Using all available rosidl_typesupport_cpp: rosidl_typesupport_fastrtps_cpp;rosidl_typesupport_introspection_cpp
[0.729s] -- Found rmw_implementation_cmake: 6.1.1 (/opt/ros/humble/share/rmw_implementation_cmake/cmake)
[0.731s] -- Found rmw_fastrtps_cpp: 6.2.2 (/opt/ros/humble/share/rmw_fastrtps_cpp/cmake)
[0.789s] -- Found OpenSSL: /usr/lib/x86_64-linux-gnu/libcrypto.so (found version "3.0.2")  
[0.814s] -- Found FastRTPS: /opt/ros/humble/include  
[0.845s] -- Using RMW implementation 'rmw_fastrtps_cpp' as default
[0.852s] -- Looking for pthread.h
[0.891s] -- Looking for pthread.h - found
[0.891s] -- Performing Test CMAKE_HAVE_LIBC_PTHREAD
[0.931s] -- Performing Test CMAKE_HAVE_LIBC_PTHREAD - Success
[0.932s] -- Found Threads: TRUE  
[1.051s] -- Found gazebo_ros: 3.7.0 (/opt/ros/humble/share/gazebo_ros/cmake)
[1.060s] -- Checking for module 'bullet>=2.82'
[1.068s] --   Found bullet, version 3.05
[1.160s] -- Found fcl: /usr/include (found suitable version "0.7.0", minimum required is "0.5.0") 
[1.201s] -- Found assimp: /usr/include (found version "5.2.0") 
[1.241s] -- Found DART: /usr/include (Required is at least version "6.6") found components: dart 
[1.260s] -- Found Boost: /usr/lib/x86_64-linux-gnu/cmake/Boost-1.74.0/BoostConfig.cmake (found suitable version "1.74.0", minimum required is "1.40.0") found components: thread system filesystem program_options regex iostreams date_time 
[1.270s] -- Found Protobuf: /usr/lib/x86_64-linux-gnu/libprotobuf.so (found version "3.12.4") 
[1.274s] -- Looking for ignition-math6 -- found version 6.12.0
[1.279s] -- Searching for dependencies of ignition-math6
[1.280s] -- Looking for OGRE...
[1.280s] -- OGRE_PREFIX_WATCH changed.
[1.283s] -- Checking for module 'OGRE'
[1.289s] --   Found OGRE, version 1.9.0
[1.319s] -- Found Ogre Ghadamon (1.9.0)
[1.341s] -- Looking for OGRE_Paging...
[1.345s] -- Found OGRE_Paging: optimized;/usr/lib/x86_64-linux-gnu/libOgrePaging.so;debug;/usr/lib/x86_64-linux-gnu/libOgrePaging.so
[1.345s] -- Looking for OGRE_Terrain...
[1.347s] -- Found OGRE_Terrain: optimized;/usr/lib/x86_64-linux-gnu/libOgreTerrain.so;debug;/usr/lib/x86_64-linux-gnu/libOgreTerrain.so
[1.347s] -- Looking for OGRE_Property...
[1.350s] -- Found OGRE_Property: optimized;/usr/lib/x86_64-linux-gnu/libOgreProperty.so;debug;/usr/lib/x86_64-linux-gnu/libOgreProperty.so
[1.350s] -- Looking for OGRE_RTShaderSystem...
[1.353s] -- Found OGRE_RTShaderSystem: optimized;/usr/lib/x86_64-linux-gnu/libOgreRTShaderSystem.so;debug;/usr/lib/x86_64-linux-gnu/libOgreRTShaderSystem.so
[1.353s] -- Looking for OGRE_Volume...
[1.355s] -- Found OGRE_Volume: optimized;/usr/lib/x86_64-linux-gnu/libOgreVolume.so;debug;/usr/lib/x86_64-linux-gnu/libOgreVolume.so
[1.355s] -- Looking for OGRE_Overlay...
[1.358s] -- Found OGRE_Overlay: optimized;/usr/lib/x86_64-linux-gnu/libOgreOverlay.so;debug;/usr/lib/x86_64-linux-gnu/libOgreOverlay.so
[1.413s] -- Looking for ignition-math6 -- found version 6.12.0
[1.415s] -- Looking for ignition-transport8 -- found version 8.2.1
[1.415s] -- Searching for dependencies of ignition-transport8
[1.426s] -- Found Protobuf: /usr/lib/x86_64-linux-gnu/libprotobuf.so (found suitable version "3.12.4", minimum required is "3") 
[1.432s] -- Config-file not installed for ZeroMQ -- checking for pkg-config
[1.434s] -- Checking for module 'libzmq >= 4'
[1.441s] --   Found libzmq , version 4.3.4
[1.459s] -- Found ZeroMQ: TRUE (Required is at least version "4") 
[1.464s] -- Checking for module 'uuid'
[1.475s] --   Found uuid, version 2.37.2
[1.510s] -- Found UUID: TRUE  
[1.516s] -- Looking for ignition-msgs5 -- found version 5.8.1
[1.517s] -- Searching for dependencies of ignition-msgs5
[1.544s] -- Looking for ignition-math6 -- found version 6.12.0
[1.547s] -- Checking for module 'tinyxml2'
[1.553s] --   Found tinyxml2, version 9.0.0
[1.574s] -- Looking for ignition-msgs5 -- found version 5.8.1
[1.576s] -- Looking for ignition-common3 -- found version 3.14.0
[1.577s] -- Searching for dependencies of ignition-common3
[1.577s] -- Looking for dlfcn.h - found
[1.578s] -- Looking for libdl - found
[1.579s] -- Found DL: TRUE  
[1.586s] -- Found tinyobjloader: /usr/lib/x86_64-linux-gnu/cmake/tinyobjloader/tinyobjloader-config.cmake (found version "2.0.0") 
[1.586s] -- Searching for <ignition-common3> component [graphics]
[1.587s] -- Looking for ignition-common3-graphics -- found version 3.14.0
[1.587s] -- Searching for dependencies of ignition-common3-graphics
[1.588s] -- Looking for ignition-math6 -- found version 6.12.0
[1.590s] -- Looking for ignition-fuel_tools4 -- found version 4.4.0
[1.590s] -- Searching for dependencies of ignition-fuel_tools4
[1.631s] -- Found CURL: /usr/lib/x86_64-linux-gnu/libcurl.so (found version "7.81.0")  
[1.637s] -- Checking for module 'jsoncpp'
[1.643s] --   Found jsoncpp, version 1.9.5
[1.663s] -- Found JSONCPP: TRUE  
[1.670s] -- Checking for module 'libzip'
[1.684s] --   Found libzip, version 1.7.3
[1.725s] -- Found ZIP: TRUE  
[1.726s] -- Looking for ignition-common3 -- found version 3.14.0
[1.727s] -- Looking for ignition-math6 -- found version 6.12.0
[1.728s] -- Looking for ignition-msgs5 -- found version 5.8.1
[1.735s] -- Gazebo version: 11.10
[1.735s] -- Checking for module 'tbb'
[1.752s] --   Found tbb, version 2021.5.0
[1.796s] -- Found gazebo_plugins: 3.7.0 (/opt/ros/humble/share/gazebo_plugins/cmake)
[1.979s] -- Found sensor_msgs: 4.2.2 (/opt/ros/humble/share/sensor_msgs/cmake)
[2.086s] -- Found ament_lint_auto: 0.12.4 (/opt/ros/humble/share/ament_lint_auto/cmake)
[2.140s] -- Added test 'cppcheck' to perform static code analysis on C / C++ code
[2.140s] -- Configured cppcheck include dirs: /home/chief-of-mischief/Desktop/drone_ws/src/sjtu_drone/sjtu_drone_description/include;$<BUILD_INTERFACE:/home/chief-of-mischief/Desktop/drone_ws/src/sjtu_drone/sjtu_drone_description/include>
[2.140s] -- Configured cppcheck exclude dirs and/or files: 
[2.141s] -- Added test 'lint_cmake' to check CMake code style
[2.142s] -- Added test 'uncrustify' to check C / C++ code style
[2.142s] -- Configured uncrustify additional arguments: 
[2.142s] -- Added test 'xmllint' to check XML markup files
[2.145s] -- Configuring done
[2.182s] -- Generating done
[2.183s] -- Build files have been written to: /home/chief-of-mischief/Desktop/drone_ws/build/sjtu_drone_description
[2.192s] Invoked command in '/home/chief-of-mischief/Desktop/drone_ws/build/sjtu_drone_description' returned '0': CMAKE_PREFIX_PATH=/opt/ros/humble /usr/bin/cmake /home/chief-of-mischief/Desktop/drone_ws/src/sjtu_drone/sjtu_drone_description -DAMENT_CMAKE_SYMLINK_INSTALL=1 -DCMAKE_INSTALL_PREFIX=/home/chief-of-mischief/Desktop/drone_ws/install/sjtu_drone_description
[2.192s] Invoking command in '/home/chief-of-mischief/Desktop/drone_ws/build/sjtu_drone_description': CMAKE_PREFIX_PATH=/opt/ros/humble /usr/bin/cmake --build /home/chief-of-mischief/Desktop/drone_ws/build/sjtu_drone_description -- -j24 -l24
[2.222s] [ 66%] [32mBuilding CXX object CMakeFiles/plugin_drone.dir/src/plugin_drone.cpp.o[0m
[2.222s] [ 66%] [32mBuilding CXX object CMakeFiles/plugin_drone.dir/src/pid_controller.cpp.o[0m
[17.653s] [100%] [32m[1mLinking CXX shared library /home/chief-of-mischief/Desktop/drone_ws/src/sjtu_drone/sjtu_drone_description/plugins/libplugin_drone.so[0m
[18.605s] [100%] Built target plugin_drone
[18.617s] Invoked command in '/home/chief-of-mischief/Desktop/drone_ws/build/sjtu_drone_description' returned '0': CMAKE_PREFIX_PATH=/opt/ros/humble /usr/bin/cmake --build /home/chief-of-mischief/Desktop/drone_ws/build/sjtu_drone_description -- -j24 -l24
[18.646s] Invoking command in '/home/chief-of-mischief/Desktop/drone_ws/build/sjtu_drone_description': CMAKE_PREFIX_PATH=/opt/ros/humble /usr/bin/cmake --install /home/chief-of-mischief/Desktop/drone_ws/build/sjtu_drone_description
[18.654s] -- Install configuration: ""
[18.655s] -- Execute custom install script
[18.656s] -- Symlinking: /home/chief-of-mischief/Desktop/drone_ws/install/sjtu_drone_description/include/pid_controller.h
[18.667s] -- Symlinking: /home/chief-of-mischief/Desktop/drone_ws/install/sjtu_drone_description/include/plugin_drone.h
[18.679s] -- Symlinking: /home/chief-of-mischief/Desktop/drone_ws/install/sjtu_drone_description/share/sjtu_drone_description/environment/library_path.sh
[18.690s] -- Symlinking: /home/chief-of-mischief/Desktop/drone_ws/install/sjtu_drone_description/share/sjtu_drone_description/environment/library_path.dsv
[18.695s] -- Symlinking: /home/chief-of-mischief/Desktop/drone_ws/install/sjtu_drone_description/share/sjtu_drone_description/models/database.config
[18.699s] -- Symlinking: /home/chief-of-mischief/Desktop/drone_ws/install/sjtu_drone_description/share/sjtu_drone_description/models/sjtu_drone/model.config
[18.703s] -- Symlinking: /home/chief-of-mischief/Desktop/drone_ws/install/sjtu_drone_description/share/sjtu_drone_description/models/sjtu_drone/quadrotor_4.dae
[18.707s] -- Symlinking: /home/chief-of-mischief/Desktop/drone_ws/install/sjtu_drone_description/share/sjtu_drone_description/models/sjtu_drone/quadrotor_4.stl
[18.711s] -- Symlinking: /home/chief-of-mischief/Desktop/drone_ws/install/sjtu_drone_description/share/sjtu_drone_description/models/sjtu_drone/sjtu_drone.sdf
[18.715s] -- Symlinking: /home/chief-of-mischief/Desktop/drone_ws/install/sjtu_drone_description/share/sjtu_drone_description/urdf/sjtu_drone.urdf
[18.719s] -- Symlinking: /home/chief-of-mischief/Desktop/drone_ws/install/sjtu_drone_description/share/sjtu_drone_description/urdf/sjtu_drone.urdf.xacro
[18.722s] -- Symlinking: /home/chief-of-mischief/Desktop/drone_ws/install/sjtu_drone_description/share/sjtu_drone_description/worlds/playground.world
[18.726s] -- Symlinking: /home/chief-of-mischief/Desktop/drone_ws/install/sjtu_drone_description/share/ament_index/resource_index/package_run_dependencies/sjtu_drone_description
[18.730s] -- Symlinking: /home/chief-of-mischief/Desktop/drone_ws/install/sjtu_drone_description/share/ament_index/resource_index/parent_prefix_path/sjtu_drone_description
[18.734s] -- Symlinking: /home/chief-of-mischief/Desktop/drone_ws/install/sjtu_drone_description/share/sjtu_drone_description/environment/ament_prefix_path.sh
[18.738s] -- Symlinking: /home/chief-of-mischief/Desktop/drone_ws/install/sjtu_drone_description/share/sjtu_drone_description/environment/ament_prefix_path.dsv
[18.742s] -- Symlinking: /home/chief-of-mischief/Desktop/drone_ws/install/sjtu_drone_description/share/sjtu_drone_description/environment/path.sh
[18.746s] -- Symlinking: /home/chief-of-mischief/Desktop/drone_ws/install/sjtu_drone_description/share/sjtu_drone_description/environment/path.dsv
[18.754s] -- Symlinking: /home/chief-of-mischief/Desktop/drone_ws/install/sjtu_drone_description/share/sjtu_drone_description/local_setup.bash
[18.763s] -- Symlinking: /home/chief-of-mischief/Desktop/drone_ws/install/sjtu_drone_description/share/sjtu_drone_description/local_setup.sh
[18.772s] -- Symlinking: /home/chief-of-mischief/Desktop/drone_ws/install/sjtu_drone_description/share/sjtu_drone_description/local_setup.zsh
[18.781s] -- Symlinking: /home/chief-of-mischief/Desktop/drone_ws/install/sjtu_drone_description/share/sjtu_drone_description/local_setup.dsv
[18.786s] -- Symlinking: /home/chief-of-mischief/Desktop/drone_ws/install/sjtu_drone_description/share/sjtu_drone_description/package.dsv
[18.791s] -- Symlinking: /home/chief-of-mischief/Desktop/drone_ws/install/sjtu_drone_description/share/ament_index/resource_index/packages/sjtu_drone_description
[18.795s] -- Symlinking: /home/chief-of-mischief/Desktop/drone_ws/install/sjtu_drone_description/share/sjtu_drone_description/cmake/ament_cmake_export_include_directories-extras.cmake
[18.799s] -- Symlinking: /home/chief-of-mischief/Desktop/drone_ws/install/sjtu_drone_description/share/sjtu_drone_description/cmake/ament_cmake_export_libraries-extras.cmake
[18.803s] -- Symlinking: /home/chief-of-mischief/Desktop/drone_ws/install/sjtu_drone_description/share/sjtu_drone_description/cmake/ament_cmake_export_targets-extras.cmake
[18.807s] -- Symlinking: /home/chief-of-mischief/Desktop/drone_ws/install/sjtu_drone_description/share/sjtu_drone_description/cmake/sjtu_drone_descriptionConfig.cmake
[18.811s] -- Symlinking: /home/chief-of-mischief/Desktop/drone_ws/install/sjtu_drone_description/share/sjtu_drone_description/cmake/sjtu_drone_descriptionConfig-version.cmake
[18.815s] -- Symlinking: /home/chief-of-mischief/Desktop/drone_ws/install/sjtu_drone_description/share/sjtu_drone_description/package.xml
[18.819s] -- Installing: /home/chief-of-mischief/Desktop/drone_ws/install/sjtu_drone_description/lib/libplugin_drone.so
[18.830s] -- Set runtime path of "/home/chief-of-mischief/Desktop/drone_ws/install/sjtu_drone_description/lib/libplugin_drone.so" to ""
[18.831s] -- Installing: /home/chief-of-mischief/Desktop/drone_ws/install/sjtu_drone_description/share/sjtu_drone_description/cmake/export_sjtu_drone_descriptionExport.cmake
[18.831s] -- Installing: /home/chief-of-mischief/Desktop/drone_ws/install/sjtu_drone_description/share/sjtu_drone_description/cmake/export_sjtu_drone_descriptionExport-noconfig.cmake
[18.834s] Invoked command in '/home/chief-of-mischief/Desktop/drone_ws/build/sjtu_drone_description' returned '0': CMAKE_PREFIX_PATH=/opt/ros/humble /usr/bin/cmake --install /home/chief-of-mischief/Desktop/drone_ws/build/sjtu_drone_description
