[0.157s] DEBUG:colcon:Command line arguments: ['/usr/bin/colcon', 'build', '--symlink-install']
[0.157s] DEBUG:colcon:Parsed command line arguments: Namespace(log_base=None, log_level=None, verb_name='build', build_base='build', install_base='install', merge_install=False, symlink_install=True, test_result_base=None, continue_on_error=False, executor='parallel', parallel_workers=24, event_handlers=None, ignore_user_meta=False, metas=['./colcon.meta'], base_paths=['.'], packages_ignore=None, packages_ignore_regex=None, paths=None, packages_up_to=None, packages_up_to_regex=None, packages_above=None, packages_above_and_dependencies=None, packages_above_depth=None, packages_select_by_dep=None, packages_skip_by_dep=None, packages_skip_up_to=None, packages_select_build_failed=False, packages_skip_build_finished=False, packages_select_test_failures=False, packages_skip_test_passed=False, packages_select=None, packages_skip=None, packages_select_regex=None, packages_skip_regex=None, packages_start=None, packages_end=None, allow_overriding=[], cmake_args=None, cmake_target=None, cmake_target_skip_unavailable=False, cmake_clean_cache=False, cmake_clean_first=False, cmake_force_configure=False, ament_cmake_args=None, catkin_cmake_args=None, catkin_skip_building_tests=False, verb_parser=<colcon_defaults.argument_parser.defaults.DefaultArgumentsDecorator object at 0x7f975b5c3b50>, verb_extension=<colcon_core.verb.build.BuildVerb object at 0x7f975b3def80>, main=<bound method BuildVerb.main of <colcon_core.verb.build.BuildVerb object at 0x7f975b3def80>>)
[0.191s] Level 1:colcon.colcon_core.package_discovery:discover_packages(colcon_meta) check parameters
[0.191s] Level 1:colcon.colcon_core.package_discovery:discover_packages(recursive) check parameters
[0.191s] Level 1:colcon.colcon_core.package_discovery:discover_packages(ignore) check parameters
[0.191s] Level 1:colcon.colcon_core.package_discovery:discover_packages(path) check parameters
[0.191s] Level 1:colcon.colcon_core.package_discovery:discover_packages(colcon_meta) discover
[0.191s] Level 1:colcon.colcon_core.package_discovery:discover_packages(recursive) discover
[0.191s] INFO:colcon.colcon_core.package_discovery:Crawling recursively for packages in '/home/chief-of-mischief/Desktop/drone_ws'
[0.191s] Level 1:colcon.colcon_core.package_identification:_identify(.) by extensions ['ignore', 'ignore_ament_install']
[0.191s] Level 1:colcon.colcon_core.package_identification:_identify(.) by extension 'ignore'
[0.191s] Level 1:colcon.colcon_core.package_identification:_identify(.) by extension 'ignore_ament_install'
[0.191s] Level 1:colcon.colcon_core.package_identification:_identify(.) by extensions ['colcon_pkg']
[0.191s] Level 1:colcon.colcon_core.package_identification:_identify(.) by extension 'colcon_pkg'
[0.191s] Level 1:colcon.colcon_core.package_identification:_identify(.) by extensions ['colcon_meta']
[0.191s] Level 1:colcon.colcon_core.package_identification:_identify(.) by extension 'colcon_meta'
[0.191s] Level 1:colcon.colcon_core.package_identification:_identify(.) by extensions ['ros']
[0.191s] Level 1:colcon.colcon_core.package_identification:_identify(.) by extension 'ros'
[0.198s] Level 1:colcon.colcon_core.package_identification:_identify(.) by extensions ['cmake', 'python']
[0.199s] Level 1:colcon.colcon_core.package_identification:_identify(.) by extension 'cmake'
[0.199s] Level 1:colcon.colcon_core.package_identification:_identify(.) by extension 'python'
[0.199s] Level 1:colcon.colcon_core.package_identification:_identify(.) by extensions ['python_setup_py']
[0.199s] Level 1:colcon.colcon_core.package_identification:_identify(.) by extension 'python_setup_py'
[0.199s] Level 1:colcon.colcon_core.package_identification:_identify(build) by extensions ['ignore', 'ignore_ament_install']
[0.199s] Level 1:colcon.colcon_core.package_identification:_identify(build) by extension 'ignore'
[0.199s] Level 1:colcon.colcon_core.package_identification:_identify(build) ignored
[0.199s] Level 1:colcon.colcon_core.package_identification:_identify(install) by extensions ['ignore', 'ignore_ament_install']
[0.199s] Level 1:colcon.colcon_core.package_identification:_identify(install) by extension 'ignore'
[0.199s] Level 1:colcon.colcon_core.package_identification:_identify(install) ignored
[0.199s] Level 1:colcon.colcon_core.package_identification:_identify(log) by extensions ['ignore', 'ignore_ament_install']
[0.199s] Level 1:colcon.colcon_core.package_identification:_identify(log) by extension 'ignore'
[0.199s] Level 1:colcon.colcon_core.package_identification:_identify(log) ignored
[0.199s] Level 1:colcon.colcon_core.package_identification:_identify(src) by extensions ['ignore', 'ignore_ament_install']
[0.199s] Level 1:colcon.colcon_core.package_identification:_identify(src) by extension 'ignore'
[0.199s] Level 1:colcon.colcon_core.package_identification:_identify(src) by extension 'ignore_ament_install'
[0.199s] Level 1:colcon.colcon_core.package_identification:_identify(src) by extensions ['colcon_pkg']
[0.199s] Level 1:colcon.colcon_core.package_identification:_identify(src) by extension 'colcon_pkg'
[0.199s] Level 1:colcon.colcon_core.package_identification:_identify(src) by extensions ['colcon_meta']
[0.199s] Level 1:colcon.colcon_core.package_identification:_identify(src) by extension 'colcon_meta'
[0.200s] Level 1:colcon.colcon_core.package_identification:_identify(src) by extensions ['ros']
[0.200s] Level 1:colcon.colcon_core.package_identification:_identify(src) by extension 'ros'
[0.200s] Level 1:colcon.colcon_core.package_identification:_identify(src) by extensions ['cmake', 'python']
[0.200s] Level 1:colcon.colcon_core.package_identification:_identify(src) by extension 'cmake'
[0.200s] Level 1:colcon.colcon_core.package_identification:_identify(src) by extension 'python'
[0.200s] Level 1:colcon.colcon_core.package_identification:_identify(src) by extensions ['python_setup_py']
[0.200s] Level 1:colcon.colcon_core.package_identification:_identify(src) by extension 'python_setup_py'
[0.200s] Level 1:colcon.colcon_core.package_identification:_identify(src/sjtu_drone) by extensions ['ignore', 'ignore_ament_install']
[0.200s] Level 1:colcon.colcon_core.package_identification:_identify(src/sjtu_drone) by extension 'ignore'
[0.200s] Level 1:colcon.colcon_core.package_identification:_identify(src/sjtu_drone) by extension 'ignore_ament_install'
[0.200s] Level 1:colcon.colcon_core.package_identification:_identify(src/sjtu_drone) by extensions ['colcon_pkg']
[0.200s] Level 1:colcon.colcon_core.package_identification:_identify(src/sjtu_drone) by extension 'colcon_pkg'
[0.200s] Level 1:colcon.colcon_core.package_identification:_identify(src/sjtu_drone) by extensions ['colcon_meta']
[0.200s] Level 1:colcon.colcon_core.package_identification:_identify(src/sjtu_drone) by extension 'colcon_meta'
[0.200s] Level 1:colcon.colcon_core.package_identification:_identify(src/sjtu_drone) by extensions ['ros']
[0.200s] Level 1:colcon.colcon_core.package_identification:_identify(src/sjtu_drone) by extension 'ros'
[0.200s] Level 1:colcon.colcon_core.package_identification:_identify(src/sjtu_drone) by extensions ['cmake', 'python']
[0.200s] Level 1:colcon.colcon_core.package_identification:_identify(src/sjtu_drone) by extension 'cmake'
[0.200s] Level 1:colcon.colcon_core.package_identification:_identify(src/sjtu_drone) by extension 'python'
[0.200s] Level 1:colcon.colcon_core.package_identification:_identify(src/sjtu_drone) by extensions ['python_setup_py']
[0.200s] Level 1:colcon.colcon_core.package_identification:_identify(src/sjtu_drone) by extension 'python_setup_py'
[0.200s] Level 1:colcon.colcon_core.package_identification:_identify(src/sjtu_drone/imgs) by extensions ['ignore', 'ignore_ament_install']
[0.200s] Level 1:colcon.colcon_core.package_identification:_identify(src/sjtu_drone/imgs) by extension 'ignore'
[0.200s] Level 1:colcon.colcon_core.package_identification:_identify(src/sjtu_drone/imgs) by extension 'ignore_ament_install'
[0.200s] Level 1:colcon.colcon_core.package_identification:_identify(src/sjtu_drone/imgs) by extensions ['colcon_pkg']
[0.200s] Level 1:colcon.colcon_core.package_identification:_identify(src/sjtu_drone/imgs) by extension 'colcon_pkg'
[0.200s] Level 1:colcon.colcon_core.package_identification:_identify(src/sjtu_drone/imgs) by extensions ['colcon_meta']
[0.200s] Level 1:colcon.colcon_core.package_identification:_identify(src/sjtu_drone/imgs) by extension 'colcon_meta'
[0.200s] Level 1:colcon.colcon_core.package_identification:_identify(src/sjtu_drone/imgs) by extensions ['ros']
[0.200s] Level 1:colcon.colcon_core.package_identification:_identify(src/sjtu_drone/imgs) by extension 'ros'
[0.200s] Level 1:colcon.colcon_core.package_identification:_identify(src/sjtu_drone/imgs) by extensions ['cmake', 'python']
[0.201s] Level 1:colcon.colcon_core.package_identification:_identify(src/sjtu_drone/imgs) by extension 'cmake'
[0.201s] Level 1:colcon.colcon_core.package_identification:_identify(src/sjtu_drone/imgs) by extension 'python'
[0.201s] Level 1:colcon.colcon_core.package_identification:_identify(src/sjtu_drone/imgs) by extensions ['python_setup_py']
[0.201s] Level 1:colcon.colcon_core.package_identification:_identify(src/sjtu_drone/imgs) by extension 'python_setup_py'
[0.201s] Level 1:colcon.colcon_core.package_identification:_identify(src/sjtu_drone/sjtu_drone_bringup) by extensions ['ignore', 'ignore_ament_install']
[0.201s] Level 1:colcon.colcon_core.package_identification:_identify(src/sjtu_drone/sjtu_drone_bringup) by extension 'ignore'
[0.201s] Level 1:colcon.colcon_core.package_identification:_identify(src/sjtu_drone/sjtu_drone_bringup) by extension 'ignore_ament_install'
[0.201s] Level 1:colcon.colcon_core.package_identification:_identify(src/sjtu_drone/sjtu_drone_bringup) by extensions ['colcon_pkg']
[0.201s] Level 1:colcon.colcon_core.package_identification:_identify(src/sjtu_drone/sjtu_drone_bringup) by extension 'colcon_pkg'
[0.201s] Level 1:colcon.colcon_core.package_identification:_identify(src/sjtu_drone/sjtu_drone_bringup) by extensions ['colcon_meta']
[0.201s] Level 1:colcon.colcon_core.package_identification:_identify(src/sjtu_drone/sjtu_drone_bringup) by extension 'colcon_meta'
[0.201s] Level 1:colcon.colcon_core.package_identification:_identify(src/sjtu_drone/sjtu_drone_bringup) by extensions ['ros']
[0.201s] Level 1:colcon.colcon_core.package_identification:_identify(src/sjtu_drone/sjtu_drone_bringup) by extension 'ros'
[0.203s] DEBUG:colcon.colcon_core.package_identification:Package 'src/sjtu_drone/sjtu_drone_bringup' with type 'ros.ament_python' and name 'sjtu_drone_bringup'
[0.203s] Level 1:colcon.colcon_core.package_identification:_identify(src/sjtu_drone/sjtu_drone_description) by extensions ['ignore', 'ignore_ament_install']
[0.203s] Level 1:colcon.colcon_core.package_identification:_identify(src/sjtu_drone/sjtu_drone_description) by extension 'ignore'
[0.204s] Level 1:colcon.colcon_core.package_identification:_identify(src/sjtu_drone/sjtu_drone_description) by extension 'ignore_ament_install'
[0.204s] Level 1:colcon.colcon_core.package_identification:_identify(src/sjtu_drone/sjtu_drone_description) by extensions ['colcon_pkg']
[0.204s] Level 1:colcon.colcon_core.package_identification:_identify(src/sjtu_drone/sjtu_drone_description) by extension 'colcon_pkg'
[0.204s] Level 1:colcon.colcon_core.package_identification:_identify(src/sjtu_drone/sjtu_drone_description) by extensions ['colcon_meta']
[0.204s] Level 1:colcon.colcon_core.package_identification:_identify(src/sjtu_drone/sjtu_drone_description) by extension 'colcon_meta'
[0.204s] Level 1:colcon.colcon_core.package_identification:_identify(src/sjtu_drone/sjtu_drone_description) by extensions ['ros']
[0.204s] Level 1:colcon.colcon_core.package_identification:_identify(src/sjtu_drone/sjtu_drone_description) by extension 'ros'
[0.204s] DEBUG:colcon.colcon_core.package_identification:Package 'src/sjtu_drone/sjtu_drone_description' with type 'ros.ament_cmake' and name 'sjtu_drone_description'
[0.204s] Level 1:colcon.colcon_core.package_discovery:discover_packages(recursive) using defaults
[0.205s] Level 1:colcon.colcon_core.package_discovery:discover_packages(ignore) discover
[0.205s] Level 1:colcon.colcon_core.package_discovery:discover_packages(ignore) using defaults
[0.205s] Level 1:colcon.colcon_core.package_discovery:discover_packages(path) discover
[0.205s] Level 1:colcon.colcon_core.package_discovery:discover_packages(path) using defaults
[0.229s] Level 1:colcon.colcon_core.package_discovery:discover_packages(prefix_path) check parameters
[0.229s] Level 1:colcon.colcon_core.package_discovery:discover_packages(prefix_path) discover
[0.233s] DEBUG:colcon.colcon_installed_package_information.package_discovery:Found 2 installed packages in /home/chief-of-mischief/Desktop/drone_ws/install
[0.235s] DEBUG:colcon.colcon_installed_package_information.package_discovery:Found 370 installed packages in /opt/ros/humble
[0.236s] Level 1:colcon.colcon_core.package_discovery:discover_packages(prefix_path) using defaults
[0.290s] Level 5:colcon.colcon_core.verb:set package 'sjtu_drone_bringup' build argument 'cmake_args' from command line to 'None'
[0.290s] Level 5:colcon.colcon_core.verb:set package 'sjtu_drone_bringup' build argument 'cmake_target' from command line to 'None'
[0.290s] Level 5:colcon.colcon_core.verb:set package 'sjtu_drone_bringup' build argument 'cmake_target_skip_unavailable' from command line to 'False'
[0.290s] Level 5:colcon.colcon_core.verb:set package 'sjtu_drone_bringup' build argument 'cmake_clean_cache' from command line to 'False'
[0.290s] Level 5:colcon.colcon_core.verb:set package 'sjtu_drone_bringup' build argument 'cmake_clean_first' from command line to 'False'
[0.290s] Level 5:colcon.colcon_core.verb:set package 'sjtu_drone_bringup' build argument 'cmake_force_configure' from command line to 'False'
[0.290s] Level 5:colcon.colcon_core.verb:set package 'sjtu_drone_bringup' build argument 'ament_cmake_args' from command line to 'None'
[0.290s] Level 5:colcon.colcon_core.verb:set package 'sjtu_drone_bringup' build argument 'catkin_cmake_args' from command line to 'None'
[0.290s] Level 5:colcon.colcon_core.verb:set package 'sjtu_drone_bringup' build argument 'catkin_skip_building_tests' from command line to 'False'
[0.290s] DEBUG:colcon.colcon_core.verb:Building package 'sjtu_drone_bringup' with the following arguments: {'ament_cmake_args': None, 'build_base': '/home/chief-of-mischief/Desktop/drone_ws/build/sjtu_drone_bringup', 'catkin_cmake_args': None, 'catkin_skip_building_tests': False, 'cmake_args': None, 'cmake_clean_cache': False, 'cmake_clean_first': False, 'cmake_force_configure': False, 'cmake_target': None, 'cmake_target_skip_unavailable': False, 'install_base': '/home/chief-of-mischief/Desktop/drone_ws/install/sjtu_drone_bringup', 'merge_install': False, 'path': '/home/chief-of-mischief/Desktop/drone_ws/src/sjtu_drone/sjtu_drone_bringup', 'symlink_install': True, 'test_result_base': None}
[0.292s] Level 5:colcon.colcon_core.verb:set package 'sjtu_drone_description' build argument 'cmake_args' from command line to 'None'
[0.292s] Level 5:colcon.colcon_core.verb:set package 'sjtu_drone_description' build argument 'cmake_target' from command line to 'None'
[0.292s] Level 5:colcon.colcon_core.verb:set package 'sjtu_drone_description' build argument 'cmake_target_skip_unavailable' from command line to 'False'
[0.292s] Level 5:colcon.colcon_core.verb:set package 'sjtu_drone_description' build argument 'cmake_clean_cache' from command line to 'False'
[0.292s] Level 5:colcon.colcon_core.verb:set package 'sjtu_drone_description' build argument 'cmake_clean_first' from command line to 'False'
[0.292s] Level 5:colcon.colcon_core.verb:set package 'sjtu_drone_description' build argument 'cmake_force_configure' from command line to 'False'
[0.292s] Level 5:colcon.colcon_core.verb:set package 'sjtu_drone_description' build argument 'ament_cmake_args' from command line to 'None'
[0.292s] Level 5:colcon.colcon_core.verb:set package 'sjtu_drone_description' build argument 'catkin_cmake_args' from command line to 'None'
[0.292s] Level 5:colcon.colcon_core.verb:set package 'sjtu_drone_description' build argument 'catkin_skip_building_tests' from command line to 'False'
[0.292s] DEBUG:colcon.colcon_core.verb:Building package 'sjtu_drone_description' with the following arguments: {'ament_cmake_args': None, 'build_base': '/home/chief-of-mischief/Desktop/drone_ws/build/sjtu_drone_description', 'catkin_cmake_args': None, 'catkin_skip_building_tests': False, 'cmake_args': None, 'cmake_clean_cache': False, 'cmake_clean_first': False, 'cmake_force_configure': False, 'cmake_target': None, 'cmake_target_skip_unavailable': False, 'install_base': '/home/chief-of-mischief/Desktop/drone_ws/install/sjtu_drone_description', 'merge_install': False, 'path': '/home/chief-of-mischief/Desktop/drone_ws/src/sjtu_drone/sjtu_drone_description', 'symlink_install': True, 'test_result_base': None}
[0.293s] INFO:colcon.colcon_core.executor:Executing jobs using 'parallel' executor
[0.301s] DEBUG:colcon.colcon_parallel_executor.executor.parallel:run_until_complete
[0.301s] INFO:colcon.colcon_ros.task.ament_python.build:Building ROS package in '/home/chief-of-mischief/Desktop/drone_ws/src/sjtu_drone/sjtu_drone_bringup' with build type 'ament_python'
[0.301s] Level 1:colcon.colcon_core.shell:create_environment_hook('sjtu_drone_bringup', 'ament_prefix_path')
[0.307s] INFO:colcon.colcon_core.plugin_system:Skipping extension 'colcon_core.shell.bat': Not used on non-Windows systems
[0.308s] INFO:colcon.colcon_core.shell:Creating environment hook '/home/chief-of-mischief/Desktop/drone_ws/install/sjtu_drone_bringup/share/sjtu_drone_bringup/hook/ament_prefix_path.ps1'
[0.308s] INFO:colcon.colcon_core.shell:Creating environment descriptor '/home/chief-of-mischief/Desktop/drone_ws/install/sjtu_drone_bringup/share/sjtu_drone_bringup/hook/ament_prefix_path.dsv'
[0.309s] INFO:colcon.colcon_core.shell:Creating environment hook '/home/chief-of-mischief/Desktop/drone_ws/install/sjtu_drone_bringup/share/sjtu_drone_bringup/hook/ament_prefix_path.sh'
[0.313s] INFO:colcon.colcon_core.shell:Skip shell extension 'powershell' for command environment: Not usable outside of PowerShell
[0.313s] DEBUG:colcon.colcon_core.shell:Skip shell extension 'dsv' for command environment
[0.319s] INFO:colcon.colcon_ros.task.ament_cmake.build:Building ROS package in '/home/chief-of-mischief/Desktop/drone_ws/src/sjtu_drone/sjtu_drone_description' with build type 'ament_cmake'
[0.319s] INFO:colcon.colcon_cmake.task.cmake.build:Building CMake package in '/home/chief-of-mischief/Desktop/drone_ws/src/sjtu_drone/sjtu_drone_description'
[0.321s] INFO:colcon.colcon_core.shell:Skip shell extension 'powershell' for command environment: Not usable outside of PowerShell
[0.322s] DEBUG:colcon.colcon_core.shell:Skip shell extension 'dsv' for command environment
[0.556s] INFO:colcon.colcon_core.task.python.build:Building Python package in '/home/chief-of-mischief/Desktop/drone_ws/src/sjtu_drone/sjtu_drone_bringup'
[0.559s] INFO:colcon.colcon_core.shell:Skip shell extension 'powershell' for command environment: Not usable outside of PowerShell
[0.559s] DEBUG:colcon.colcon_core.shell:Skip shell extension 'dsv' for command environment
[0.566s] DEBUG:colcon.colcon_core.event_handler.log_command:Invoking command in '/home/chief-of-mischief/Desktop/drone_ws/build/sjtu_drone_description': CMAKE_PREFIX_PATH=${CMAKE_PREFIX_PATH}:/home/chief-of-mischief/Desktop/drone_ws/install/sjtu_drone_bringup:/opt/ros/humble /usr/bin/cmake --build /home/chief-of-mischief/Desktop/drone_ws/build/sjtu_drone_description -- -j24 -l24
[0.666s] DEBUG:colcon.colcon_core.event_handler.log_command:Invoked command in '/home/chief-of-mischief/Desktop/drone_ws/build/sjtu_drone_description' returned '0': CMAKE_PREFIX_PATH=${CMAKE_PREFIX_PATH}:/home/chief-of-mischief/Desktop/drone_ws/install/sjtu_drone_bringup:/opt/ros/humble /usr/bin/cmake --build /home/chief-of-mischief/Desktop/drone_ws/build/sjtu_drone_description -- -j24 -l24
[0.693s] DEBUG:colcon.colcon_core.event_handler.log_command:Invoking command in '/home/chief-of-mischief/Desktop/drone_ws/build/sjtu_drone_description': CMAKE_PREFIX_PATH=${CMAKE_PREFIX_PATH}:/home/chief-of-mischief/Desktop/drone_ws/install/sjtu_drone_bringup:/opt/ros/humble /usr/bin/cmake --install /home/chief-of-mischief/Desktop/drone_ws/build/sjtu_drone_description
[0.713s] Level 1:colcon.colcon_core.environment:create_environment_scripts_only(sjtu_drone_description)
[0.714s] DEBUG:colcon.colcon_core.event_handler.log_command:Invoked command in '/home/chief-of-mischief/Desktop/drone_ws/build/sjtu_drone_description' returned '0': CMAKE_PREFIX_PATH=${CMAKE_PREFIX_PATH}:/home/chief-of-mischief/Desktop/drone_ws/install/sjtu_drone_bringup:/opt/ros/humble /usr/bin/cmake --install /home/chief-of-mischief/Desktop/drone_ws/build/sjtu_drone_description
[0.722s] Level 1:colcon.colcon_core.environment:checking '/home/chief-of-mischief/Desktop/drone_ws/install/sjtu_drone_description' for CMake module files
[0.723s] Level 1:colcon.colcon_core.environment:checking '/home/chief-of-mischief/Desktop/drone_ws/install/sjtu_drone_description' for CMake config files
[0.723s] Level 1:colcon.colcon_core.shell:create_environment_hook('sjtu_drone_description', 'cmake_prefix_path')
[0.726s] INFO:colcon.colcon_core.shell:Creating environment hook '/home/chief-of-mischief/Desktop/drone_ws/install/sjtu_drone_description/share/sjtu_drone_description/hook/cmake_prefix_path.ps1'
[0.727s] INFO:colcon.colcon_core.shell:Creating environment descriptor '/home/chief-of-mischief/Desktop/drone_ws/install/sjtu_drone_description/share/sjtu_drone_description/hook/cmake_prefix_path.dsv'
[0.727s] INFO:colcon.colcon_core.shell:Creating environment hook '/home/chief-of-mischief/Desktop/drone_ws/install/sjtu_drone_description/share/sjtu_drone_description/hook/cmake_prefix_path.sh'
[0.727s] Level 1:colcon.colcon_core.environment:checking '/home/chief-of-mischief/Desktop/drone_ws/install/sjtu_drone_description/lib'
[0.728s] Level 1:colcon.colcon_core.shell:create_environment_hook('sjtu_drone_description', 'ld_library_path_lib')
[0.731s] INFO:colcon.colcon_core.shell:Creating environment hook '/home/chief-of-mischief/Desktop/drone_ws/install/sjtu_drone_description/share/sjtu_drone_description/hook/ld_library_path_lib.ps1'
[0.731s] INFO:colcon.colcon_core.shell:Creating environment descriptor '/home/chief-of-mischief/Desktop/drone_ws/install/sjtu_drone_description/share/sjtu_drone_description/hook/ld_library_path_lib.dsv'
[0.731s] INFO:colcon.colcon_core.shell:Creating environment hook '/home/chief-of-mischief/Desktop/drone_ws/install/sjtu_drone_description/share/sjtu_drone_description/hook/ld_library_path_lib.sh'
[0.731s] Level 1:colcon.colcon_core.environment:checking '/home/chief-of-mischief/Desktop/drone_ws/install/sjtu_drone_description/bin'
[0.732s] Level 1:colcon.colcon_core.environment:checking '/home/chief-of-mischief/Desktop/drone_ws/install/sjtu_drone_description/lib/pkgconfig/sjtu_drone_description.pc'
[0.732s] Level 1:colcon.colcon_core.environment:checking '/home/chief-of-mischief/Desktop/drone_ws/install/sjtu_drone_description/lib/python3.10/site-packages'
[0.732s] Level 1:colcon.colcon_core.environment:checking '/home/chief-of-mischief/Desktop/drone_ws/install/sjtu_drone_description/bin'
[0.735s] INFO:colcon.colcon_core.shell:Creating package script '/home/chief-of-mischief/Desktop/drone_ws/install/sjtu_drone_description/share/sjtu_drone_description/package.ps1'
[0.736s] INFO:colcon.colcon_core.shell:Creating package descriptor '/home/chief-of-mischief/Desktop/drone_ws/install/sjtu_drone_description/share/sjtu_drone_description/package.dsv'
[0.736s] INFO:colcon.colcon_core.shell:Creating package script '/home/chief-of-mischief/Desktop/drone_ws/install/sjtu_drone_description/share/sjtu_drone_description/package.sh'
[0.737s] INFO:colcon.colcon_core.shell:Creating package script '/home/chief-of-mischief/Desktop/drone_ws/install/sjtu_drone_description/share/sjtu_drone_description/package.bash'
[0.737s] INFO:colcon.colcon_core.shell:Creating package script '/home/chief-of-mischief/Desktop/drone_ws/install/sjtu_drone_description/share/sjtu_drone_description/package.zsh'
[0.738s] Level 1:colcon.colcon_core.environment:create_file_with_runtime_dependencies(/home/chief-of-mischief/Desktop/drone_ws/install/sjtu_drone_description/share/colcon-core/packages/sjtu_drone_description)
[0.764s] Level 1:colcon.colcon_core.environment:create_environment_scripts_only(sjtu_drone_description)
[0.767s] Level 1:colcon.colcon_core.environment:checking '/home/chief-of-mischief/Desktop/drone_ws/install/sjtu_drone_description' for CMake module files
[0.768s] Level 1:colcon.colcon_core.environment:checking '/home/chief-of-mischief/Desktop/drone_ws/install/sjtu_drone_description' for CMake config files
[0.768s] Level 1:colcon.colcon_core.shell:create_environment_hook('sjtu_drone_description', 'cmake_prefix_path')
[0.771s] INFO:colcon.colcon_core.shell:Creating environment hook '/home/chief-of-mischief/Desktop/drone_ws/install/sjtu_drone_description/share/sjtu_drone_description/hook/cmake_prefix_path.ps1'
[0.771s] INFO:colcon.colcon_core.shell:Creating environment descriptor '/home/chief-of-mischief/Desktop/drone_ws/install/sjtu_drone_description/share/sjtu_drone_description/hook/cmake_prefix_path.dsv'
[0.771s] INFO:colcon.colcon_core.shell:Creating environment hook '/home/chief-of-mischief/Desktop/drone_ws/install/sjtu_drone_description/share/sjtu_drone_description/hook/cmake_prefix_path.sh'
[0.772s] Level 1:colcon.colcon_core.environment:checking '/home/chief-of-mischief/Desktop/drone_ws/install/sjtu_drone_description/lib'
[0.772s] Level 1:colcon.colcon_core.shell:create_environment_hook('sjtu_drone_description', 'ld_library_path_lib')
[0.775s] INFO:colcon.colcon_core.shell:Creating environment hook '/home/chief-of-mischief/Desktop/drone_ws/install/sjtu_drone_description/share/sjtu_drone_description/hook/ld_library_path_lib.ps1'
[0.775s] INFO:colcon.colcon_core.shell:Creating environment descriptor '/home/chief-of-mischief/Desktop/drone_ws/install/sjtu_drone_description/share/sjtu_drone_description/hook/ld_library_path_lib.dsv'
[0.775s] INFO:colcon.colcon_core.shell:Creating environment hook '/home/chief-of-mischief/Desktop/drone_ws/install/sjtu_drone_description/share/sjtu_drone_description/hook/ld_library_path_lib.sh'
[0.775s] Level 1:colcon.colcon_core.environment:checking '/home/chief-of-mischief/Desktop/drone_ws/install/sjtu_drone_description/bin'
[0.776s] Level 1:colcon.colcon_core.environment:checking '/home/chief-of-mischief/Desktop/drone_ws/install/sjtu_drone_description/lib/pkgconfig/sjtu_drone_description.pc'
[0.776s] Level 1:colcon.colcon_core.environment:checking '/home/chief-of-mischief/Desktop/drone_ws/install/sjtu_drone_description/lib/python3.10/site-packages'
[0.776s] Level 1:colcon.colcon_core.environment:checking '/home/chief-of-mischief/Desktop/drone_ws/install/sjtu_drone_description/bin'
[0.779s] INFO:colcon.colcon_core.shell:Creating package script '/home/chief-of-mischief/Desktop/drone_ws/install/sjtu_drone_description/share/sjtu_drone_description/package.ps1'
[0.779s] INFO:colcon.colcon_core.shell:Creating package descriptor '/home/chief-of-mischief/Desktop/drone_ws/install/sjtu_drone_description/share/sjtu_drone_description/package.dsv'
[0.779s] INFO:colcon.colcon_core.shell:Creating package script '/home/chief-of-mischief/Desktop/drone_ws/install/sjtu_drone_description/share/sjtu_drone_description/package.sh'
[0.780s] INFO:colcon.colcon_core.shell:Creating package script '/home/chief-of-mischief/Desktop/drone_ws/install/sjtu_drone_description/share/sjtu_drone_description/package.bash'
[0.780s] INFO:colcon.colcon_core.shell:Creating package script '/home/chief-of-mischief/Desktop/drone_ws/install/sjtu_drone_description/share/sjtu_drone_description/package.zsh'
[0.780s] Level 1:colcon.colcon_core.environment:create_file_with_runtime_dependencies(/home/chief-of-mischief/Desktop/drone_ws/install/sjtu_drone_description/share/colcon-core/packages/sjtu_drone_description)
[0.903s] DEBUG:colcon.colcon_core.event_handler.log_command:Invoking command in '/home/chief-of-mischief/Desktop/drone_ws/build/sjtu_drone_bringup': PYTHONPATH=/home/chief-of-mischief/Desktop/drone_ws/build/sjtu_drone_bringup/prefix_override:/home/chief-of-mischief/Desktop/drone_ws/install/sjtu_drone_bringup/lib/python3.10/site-packages:${PYTHONPATH} /usr/bin/python3 setup.py develop --editable --build-directory /home/chief-of-mischief/Desktop/drone_ws/build/sjtu_drone_bringup/build --no-deps install_data
[1.337s] Level 1:colcon.colcon_core.shell:create_environment_hook('sjtu_drone_bringup', 'pythonpath_develop')
[1.339s] INFO:colcon.colcon_core.shell:Creating environment hook '/home/chief-of-mischief/Desktop/drone_ws/build/sjtu_drone_bringup/share/sjtu_drone_bringup/hook/pythonpath_develop.ps1'
[1.340s] DEBUG:colcon.colcon_core.event_handler.log_command:Invoked command in '/home/chief-of-mischief/Desktop/drone_ws/build/sjtu_drone_bringup' returned '0': PYTHONPATH=/home/chief-of-mischief/Desktop/drone_ws/build/sjtu_drone_bringup/prefix_override:/home/chief-of-mischief/Desktop/drone_ws/install/sjtu_drone_bringup/lib/python3.10/site-packages:${PYTHONPATH} /usr/bin/python3 setup.py develop --editable --build-directory /home/chief-of-mischief/Desktop/drone_ws/build/sjtu_drone_bringup/build --no-deps install_data
[1.340s] INFO:colcon.colcon_core.shell:Creating environment descriptor '/home/chief-of-mischief/Desktop/drone_ws/build/sjtu_drone_bringup/share/sjtu_drone_bringup/hook/pythonpath_develop.dsv'
[1.340s] INFO:colcon.colcon_core.shell:Creating environment hook '/home/chief-of-mischief/Desktop/drone_ws/build/sjtu_drone_bringup/share/sjtu_drone_bringup/hook/pythonpath_develop.sh'
[1.344s] Level 1:colcon.colcon_core.environment:checking '/home/chief-of-mischief/Desktop/drone_ws/install/sjtu_drone_bringup' for CMake module files
[1.344s] Level 1:colcon.colcon_core.environment:checking '/home/chief-of-mischief/Desktop/drone_ws/install/sjtu_drone_bringup' for CMake config files
[1.345s] Level 1:colcon.colcon_core.environment:checking '/home/chief-of-mischief/Desktop/drone_ws/install/sjtu_drone_bringup/lib'
[1.345s] Level 1:colcon.colcon_core.environment:checking '/home/chief-of-mischief/Desktop/drone_ws/install/sjtu_drone_bringup/bin'
[1.345s] Level 1:colcon.colcon_core.environment:checking '/home/chief-of-mischief/Desktop/drone_ws/install/sjtu_drone_bringup/lib/pkgconfig/sjtu_drone_bringup.pc'
[1.345s] Level 1:colcon.colcon_core.environment:checking '/home/chief-of-mischief/Desktop/drone_ws/install/sjtu_drone_bringup/lib/python3.10/site-packages'
[1.345s] Level 1:colcon.colcon_core.shell:create_environment_hook('sjtu_drone_bringup', 'pythonpath')
[1.347s] INFO:colcon.colcon_core.shell:Creating environment hook '/home/chief-of-mischief/Desktop/drone_ws/install/sjtu_drone_bringup/share/sjtu_drone_bringup/hook/pythonpath.ps1'
[1.348s] INFO:colcon.colcon_core.shell:Creating environment descriptor '/home/chief-of-mischief/Desktop/drone_ws/install/sjtu_drone_bringup/share/sjtu_drone_bringup/hook/pythonpath.dsv'
[1.348s] INFO:colcon.colcon_core.shell:Creating environment hook '/home/chief-of-mischief/Desktop/drone_ws/install/sjtu_drone_bringup/share/sjtu_drone_bringup/hook/pythonpath.sh'
[1.348s] Level 1:colcon.colcon_core.environment:checking '/home/chief-of-mischief/Desktop/drone_ws/install/sjtu_drone_bringup/bin'
[1.348s] Level 1:colcon.colcon_core.environment:create_environment_scripts_only(sjtu_drone_bringup)
[1.351s] INFO:colcon.colcon_core.shell:Creating package script '/home/chief-of-mischief/Desktop/drone_ws/install/sjtu_drone_bringup/share/sjtu_drone_bringup/package.ps1'
[1.351s] INFO:colcon.colcon_core.shell:Creating package descriptor '/home/chief-of-mischief/Desktop/drone_ws/install/sjtu_drone_bringup/share/sjtu_drone_bringup/package.dsv'
[1.351s] INFO:colcon.colcon_core.shell:Creating package script '/home/chief-of-mischief/Desktop/drone_ws/install/sjtu_drone_bringup/share/sjtu_drone_bringup/package.sh'
[1.352s] INFO:colcon.colcon_core.shell:Creating package script '/home/chief-of-mischief/Desktop/drone_ws/install/sjtu_drone_bringup/share/sjtu_drone_bringup/package.bash'
[1.352s] INFO:colcon.colcon_core.shell:Creating package script '/home/chief-of-mischief/Desktop/drone_ws/install/sjtu_drone_bringup/share/sjtu_drone_bringup/package.zsh'
[1.352s] Level 1:colcon.colcon_core.environment:create_file_with_runtime_dependencies(/home/chief-of-mischief/Desktop/drone_ws/install/sjtu_drone_bringup/share/colcon-core/packages/sjtu_drone_bringup)
[1.352s] DEBUG:colcon.colcon_parallel_executor.executor.parallel:closing loop
[1.352s] DEBUG:colcon.colcon_parallel_executor.executor.parallel:loop closed
[1.353s] DEBUG:colcon.colcon_parallel_executor.executor.parallel:run_until_complete finished with '0'
[1.353s] DEBUG:colcon.colcon_core.event_reactor:joining thread
[1.361s] INFO:colcon.colcon_core.plugin_system:Skipping extension 'colcon_notification.desktop_notification.terminal_notifier': Not used on non-Darwin systems
[1.361s] INFO:colcon.colcon_core.plugin_system:Skipping extension 'colcon_notification.desktop_notification.win32': Not used on non-Windows systems
[1.361s] INFO:colcon.colcon_notification.desktop_notification:Sending desktop notification using 'notify2'
[1.372s] DEBUG:colcon.colcon_core.event_reactor:joined thread
[1.378s] INFO:colcon.colcon_core.shell:Creating prefix script '/home/chief-of-mischief/Desktop/drone_ws/install/local_setup.ps1'
[1.380s] INFO:colcon.colcon_core.shell:Creating prefix util module '/home/chief-of-mischief/Desktop/drone_ws/install/_local_setup_util_ps1.py'
[1.383s] INFO:colcon.colcon_core.shell:Creating prefix chain script '/home/chief-of-mischief/Desktop/drone_ws/install/setup.ps1'
[1.386s] INFO:colcon.colcon_core.shell:Creating prefix script '/home/chief-of-mischief/Desktop/drone_ws/install/local_setup.sh'
[1.386s] INFO:colcon.colcon_core.shell:Creating prefix util module '/home/chief-of-mischief/Desktop/drone_ws/install/_local_setup_util_sh.py'
[1.387s] INFO:colcon.colcon_core.shell:Creating prefix chain script '/home/chief-of-mischief/Desktop/drone_ws/install/setup.sh'
[1.390s] INFO:colcon.colcon_core.shell:Creating prefix script '/home/chief-of-mischief/Desktop/drone_ws/install/local_setup.bash'
[1.390s] INFO:colcon.colcon_core.shell:Creating prefix chain script '/home/chief-of-mischief/Desktop/drone_ws/install/setup.bash'
[1.393s] INFO:colcon.colcon_core.shell:Creating prefix script '/home/chief-of-mischief/Desktop/drone_ws/install/local_setup.zsh'
[1.393s] INFO:colcon.colcon_core.shell:Creating prefix chain script '/home/chief-of-mischief/Desktop/drone_ws/install/setup.zsh'
