[0.346s] Invoking command in '/home/chief-of-mischief/Desktop/ros2_ws/build/sjtu_drone_bringup': PYTHONPATH=/home/chief-of-mischief/Desktop/ros2_ws/build/sjtu_drone_bringup/prefix_override:/home/chief-of-mischief/Desktop/ros2_ws/install/sjtu_drone_bringup/lib/python3.10/site-packages:${PYTHONPATH} /usr/bin/python3 setup.py develop --editable --build-directory /home/chief-of-mischief/Desktop/ros2_ws/build/sjtu_drone_bringup/build --no-deps install_data
[0.493s] running develop
[0.588s] running egg_info
[0.588s] creating sjtu_drone_bringup.egg-info
[0.588s] writing sjtu_drone_bringup.egg-info/PKG-INFO
[0.588s] writing dependency_links to sjtu_drone_bringup.egg-info/dependency_links.txt
[0.588s] writing entry points to sjtu_drone_bringup.egg-info/entry_points.txt
[0.588s] writing requirements to sjtu_drone_bringup.egg-info/requires.txt
[0.588s] writing top-level names to sjtu_drone_bringup.egg-info/top_level.txt
[0.588s] writing manifest file 'sjtu_drone_bringup.egg-info/SOURCES.txt'
[0.589s] reading manifest file 'sjtu_drone_bringup.egg-info/SOURCES.txt'
[0.590s] writing manifest file 'sjtu_drone_bringup.egg-info/SOURCES.txt'
[0.590s] running build_ext
[0.590s] Creating /home/chief-of-mischief/Desktop/ros2_ws/install/sjtu_drone_bringup/lib/python3.10/site-packages/sjtu-drone-bringup.egg-link (link to .)
[0.591s] Installing spawn_drone script to /home/chief-of-mischief/Desktop/ros2_ws/install/sjtu_drone_bringup/lib/sjtu_drone_bringup
[0.591s] 
[0.591s] Installed /home/chief-of-mischief/Desktop/ros2_ws/build/sjtu_drone_bringup
[0.591s] running install_data
[0.591s] creating /home/chief-of-mischief/Desktop/ros2_ws/install/sjtu_drone_bringup/share/ament_index
[0.591s] creating /home/chief-of-mischief/Desktop/ros2_ws/install/sjtu_drone_bringup/share/ament_index/resource_index
[0.591s] creating /home/chief-of-mischief/Desktop/ros2_ws/install/sjtu_drone_bringup/share/ament_index/resource_index/packages
[0.591s] copying resource/sjtu_drone_bringup -> /home/chief-of-mischief/Desktop/ros2_ws/install/sjtu_drone_bringup/share/ament_index/resource_index/packages
[0.591s] copying package.xml -> /home/chief-of-mischief/Desktop/ros2_ws/install/sjtu_drone_bringup/share/sjtu_drone_bringup
[0.591s] creating /home/chief-of-mischief/Desktop/ros2_ws/install/sjtu_drone_bringup/share/sjtu_drone_bringup/launch
[0.591s] copying launch/sjtu_drone_gazebo.launch.py -> /home/chief-of-mischief/Desktop/ros2_ws/install/sjtu_drone_bringup/share/sjtu_drone_bringup/launch
[0.591s] copying launch/sjtu_drone_bringup.launch.py -> /home/chief-of-mischief/Desktop/ros2_ws/install/sjtu_drone_bringup/share/sjtu_drone_bringup/launch
[0.591s] creating /home/chief-of-mischief/Desktop/ros2_ws/install/sjtu_drone_bringup/share/sjtu_drone_bringup/rviz
[0.591s] copying rviz/rviz.rviz -> /home/chief-of-mischief/Desktop/ros2_ws/install/sjtu_drone_bringup/share/sjtu_drone_bringup/rviz
[0.608s] Invoked command in '/home/chief-of-mischief/Desktop/ros2_ws/build/sjtu_drone_bringup' returned '0': PYTHONPATH=/home/chief-of-mischief/Desktop/ros2_ws/build/sjtu_drone_bringup/prefix_override:/home/chief-of-mischief/Desktop/ros2_ws/install/sjtu_drone_bringup/lib/python3.10/site-packages:${PYTHONPATH} /usr/bin/python3 setup.py develop --editable --build-directory /home/chief-of-mischief/Desktop/ros2_ws/build/sjtu_drone_bringup/build --no-deps install_data
