[0.408s] Invoking command in '/home/chief-of-mischief/Desktop/drone_ws/build/sjtu_drone_bringup': PYTHONPATH=/home/chief-of-mischief/Desktop/drone_ws/build/sjtu_drone_bringup/prefix_override:/home/chief-of-mischief/Desktop/drone_ws/install/sjtu_drone_bringup/lib/python3.10/site-packages:${PYTHONPATH} /usr/bin/python3 setup.py develop --editable --build-directory /home/chief-of-mischief/Desktop/drone_ws/build/sjtu_drone_bringup/build --no-deps install_data
[0.570s] running develop
[0.682s] running egg_info
[0.682s] creating sjtu_drone_bringup.egg-info
[0.682s] writing sjtu_drone_bringup.egg-info/PKG-INFO
[0.682s] writing dependency_links to sjtu_drone_bringup.egg-info/dependency_links.txt
[0.683s] writing entry points to sjtu_drone_bringup.egg-info/entry_points.txt
[0.683s] writing requirements to sjtu_drone_bringup.egg-info/requires.txt
[0.683s] writing top-level names to sjtu_drone_bringup.egg-info/top_level.txt
[0.683s] writing manifest file 'sjtu_drone_bringup.egg-info/SOURCES.txt'
[0.683s] reading manifest file 'sjtu_drone_bringup.egg-info/SOURCES.txt'
[0.684s] writing manifest file 'sjtu_drone_bringup.egg-info/SOURCES.txt'
[0.685s] running build_ext
[0.685s] Creating /home/chief-of-mischief/Desktop/drone_ws/install/sjtu_drone_bringup/lib/python3.10/site-packages/sjtu-drone-bringup.egg-link (link to .)
[0.685s] Installing spawn_drone script to /home/chief-of-mischief/Desktop/drone_ws/install/sjtu_drone_bringup/lib/sjtu_drone_bringup
[0.685s] 
[0.685s] Installed /home/chief-of-mischief/Desktop/drone_ws/build/sjtu_drone_bringup
[0.686s] running install_data
[0.686s] creating /home/chief-of-mischief/Desktop/drone_ws/install/sjtu_drone_bringup/share/ament_index
[0.686s] creating /home/chief-of-mischief/Desktop/drone_ws/install/sjtu_drone_bringup/share/ament_index/resource_index
[0.686s] creating /home/chief-of-mischief/Desktop/drone_ws/install/sjtu_drone_bringup/share/ament_index/resource_index/packages
[0.686s] copying resource/sjtu_drone_bringup -> /home/chief-of-mischief/Desktop/drone_ws/install/sjtu_drone_bringup/share/ament_index/resource_index/packages
[0.686s] copying package.xml -> /home/chief-of-mischief/Desktop/drone_ws/install/sjtu_drone_bringup/share/sjtu_drone_bringup
[0.686s] creating /home/chief-of-mischief/Desktop/drone_ws/install/sjtu_drone_bringup/share/sjtu_drone_bringup/launch
[0.686s] copying launch/sjtu_drone_gazebo.launch.py -> /home/chief-of-mischief/Desktop/drone_ws/install/sjtu_drone_bringup/share/sjtu_drone_bringup/launch
[0.686s] copying launch/sjtu_drone_bringup.launch.py -> /home/chief-of-mischief/Desktop/drone_ws/install/sjtu_drone_bringup/share/sjtu_drone_bringup/launch
[0.686s] creating /home/chief-of-mischief/Desktop/drone_ws/install/sjtu_drone_bringup/share/sjtu_drone_bringup/rviz
[0.686s] copying rviz/rviz.rviz -> /home/chief-of-mischief/Desktop/drone_ws/install/sjtu_drone_bringup/share/sjtu_drone_bringup/rviz
[0.686s] creating /home/chief-of-mischief/Desktop/drone_ws/install/sjtu_drone_bringup/share/sjtu_drone_bringup/webapp
[0.686s] copying webapp/style.css -> /home/chief-of-mischief/Desktop/drone_ws/install/sjtu_drone_bringup/share/sjtu_drone_bringup/webapp
[0.686s] copying webapp/main.js -> /home/chief-of-mischief/Desktop/drone_ws/install/sjtu_drone_bringup/share/sjtu_drone_bringup/webapp
[0.687s] copying webapp/script.js -> /home/chief-of-mischief/Desktop/drone_ws/install/sjtu_drone_bringup/share/sjtu_drone_bringup/webapp
[0.687s] copying webapp/index.html -> /home/chief-of-mischief/Desktop/drone_ws/install/sjtu_drone_bringup/share/sjtu_drone_bringup/webapp
[0.687s] creating /home/chief-of-mischief/Desktop/drone_ws/install/sjtu_drone_bringup/share/sjtu_drone_bringup/scripts
[0.687s] copying scripts/rosgptparser_turtlesim.py -> /home/chief-of-mischief/Desktop/drone_ws/install/sjtu_drone_bringup/share/sjtu_drone_bringup/scripts
[0.687s] copying scripts/rosgpt_client_node.py -> /home/chief-of-mischief/Desktop/drone_ws/install/sjtu_drone_bringup/share/sjtu_drone_bringup/scripts
[0.687s] copying scripts/rosgpt.py -> /home/chief-of-mischief/Desktop/drone_ws/install/sjtu_drone_bringup/share/sjtu_drone_bringup/scripts
[0.687s] copying scripts/rosgpt_client.py -> /home/chief-of-mischief/Desktop/drone_ws/install/sjtu_drone_bringup/share/sjtu_drone_bringup/scripts
[0.687s] creating /home/chief-of-mischief/Desktop/drone_ws/install/sjtu_drone_bringup/share/sjtu_drone_bringup/prompts
[0.687s] copying prompts/prompts.txt -> /home/chief-of-mischief/Desktop/drone_ws/install/sjtu_drone_bringup/share/sjtu_drone_bringup/prompts
[0.708s] Invoked command in '/home/chief-of-mischief/Desktop/drone_ws/build/sjtu_drone_bringup' returned '0': PYTHONPATH=/home/chief-of-mischief/Desktop/drone_ws/build/sjtu_drone_bringup/prefix_override:/home/chief-of-mischief/Desktop/drone_ws/install/sjtu_drone_bringup/lib/python3.10/site-packages:${PYTHONPATH} /usr/bin/python3 setup.py develop --editable --build-directory /home/chief-of-mischief/Desktop/drone_ws/build/sjtu_drone_bringup/build --no-deps install_data
